2025-03-02 19:55:34,041: Error sending email: (535, b'5.7.8 Username and Password not accepted. For more information, go to\n5.7.8  https://support.google.com/mail/?p=BadCredentials 98e67ed59e1d1-2fea67530d0sm7096353a91.10 - gsmtp')
2025-03-02 19:57:36,872: Error sending email: (535, b'5.7.8 Username and Password not accepted. For more information, go to\n5.7.8  https://support.google.com/mail/?p=BadCredentials d2e1a72fcca58-73630744c23sm3563653b3a.15 - gsmtp')
2025-03-02 20:09:03,565: Error sending email: (535, b'5.7.8 Username and Password not accepted. For more information, go to\n5.7.8  https://support.google.com/mail/?p=BadCredentials d2e1a72fcca58-73634b5838bsm3034326b3a.175 - gsmtp')
2025-03-02 20:10:06,657: Error sending email: (535, b'5.7.8 Username and Password not accepted. For more information, go to\n5.7.8  https://support.google.com/mail/?p=BadCredentials d9443c01a7336-223501d26acsm62160905ad.9 - gsmtp')
2025-03-03 09:39:36,881: Error sending email: (535, b'5.7.8 Username and Password not accepted. For more information, go to\n5.7.8  https://support.google.com/mail/?p=BadCredentials d9443c01a7336-223501d294bsm68029255ad.1 - gsmtp')
2025-03-03 09:40:39,929: Error sending email: (535, b'5.7.8 Username and Password not accepted. For more information, go to\n5.7.8  https://support.google.com/mail/?p=BadCredentials d2e1a72fcca58-7362a6d925bsm5048778b3a.66 - gsmtp')
2025-03-03 09:42:19,175: Error sending email: (535, b'5.7.8 Username and Password not accepted. For more information, go to\n5.7.8  https://support.google.com/mail/?p=BadCredentials 98e67ed59e1d1-2fea67a5dc8sm7805259a91.23 - gsmtp')
2025-03-03 09:51:29,693: Error sending email: (535, b'5.7.8 Username and Password not accepted. For more information, go to\n5.7.8  https://support.google.com/mail/?p=BadCredentials 41be03b00d2f7-af174933aa5sm4244045a12.46 - gsmtp')
2025-03-03 09:52:39,893: Error sending email: [Errno 11001] getaddrinfo failed
2025-03-03 09:53:42,111: Error sending email: (535, b'5.7.8 Username and Password not accepted. For more information, go to\n5.7.8  https://support.google.com/mail/?p=BadCredentials 98e67ed59e1d1-2fea676c05esm7801739a91.15 - gsmtp')
2025-03-03 09:54:45,266: Error sending email: (535, b'5.7.8 Username and Password not accepted. For more information, go to\n5.7.8  https://support.google.com/mail/?p=BadCredentials 41be03b00d2f7-af0fc1dab93sm4739375a12.60 - gsmtp')
2025-03-03 09:58:47,759: Error sending email: (535, b'5.7.8 Username and Password not accepted. For more information, go to\n5.7.8  https://support.google.com/mail/?p=BadCredentials 98e67ed59e1d1-2fe825bb363sm9939696a91.20 - gsmtp')
2025-03-03 19:26:43,951: Error sending email: (535, b'5.7.8 Username and Password not accepted. For more information, go to\n5.7.8  https://support.google.com/mail/?p=BadCredentials 98e67ed59e1d1-2fea696e3f0sm8958495a91.37 - gsmtp')
2025-03-03 19:27:47,233: Error sending email: (535, b'5.7.8 Username and Password not accepted. For more information, go to\n5.7.8  https://support.google.com/mail/?p=BadCredentials d9443c01a7336-223504c5cf4sm76994715ad.130 - gsmtp')
2025-03-10 09:41:20,874: Error sending email: (535, b'5.7.8 Username and Password not accepted. For more information, go to\n5.7.8  https://support.google.com/mail/?p=BadCredentials d2e1a72fcca58-736cb466a6csm2226790b3a.165 - gsmtp')
2025-03-10 09:42:23,014: Error sending email: (535, b'5.7.8 Username and Password not accepted. For more information, go to\n5.7.8  https://support.google.com/mail/?p=BadCredentials 41be03b00d2f7-af5083d4c7fsm4842465a12.0 - gsmtp')
2025-04-20 22:06:41,115 - Collecting system information...
2025-04-20 22:06:41,132 - System information saved to system_info.txt
2025-04-20 22:06:44,931 - Email sent: System Information
2025-04-20 22:06:44,931 - Taking screenshot...
2025-04-20 22:06:45,405 - Screenshot saved as screenshot.png
2025-04-20 22:06:50,348 - Email sent: Screenshot
2025-04-20 22:06:50,349 - Recording audio...
2025-04-20 22:07:00,579 - Audio recorded and saved as audio.wav
2025-04-20 22:07:07,767 - Email sent: Audio Recording
2025-04-20 22:07:07,767 - Capturing from camera...
2025-04-20 22:07:09,457 - Camera capture saved as camera_capture.jpg
2025-04-20 22:07:13,398 - Email sent: Camera Capture
2025-04-20 22:12:20,115 - Collecting system information...
2025-04-20 22:12:20,134 - System information saved to system_info.txt
2025-04-20 22:12:23,633 - Email sent: System Information
2025-04-20 22:12:23,633 - Taking screenshot...
2025-04-20 22:12:24,098 - Screenshot saved as screenshot.png
2025-04-20 22:12:29,250 - Email sent: Screenshot
2025-04-20 22:12:29,251 - Recording audio...
2025-04-20 22:12:39,441 - Audio recorded and saved as audio.wav
2025-04-20 22:12:46,460 - Email sent: Audio Recording
2025-04-20 22:12:46,462 - Capturing from camera...
2025-04-20 22:12:48,047 - Camera capture saved as camera_capture.jpg
2025-04-20 22:12:52,161 - Email sent: Camera Capture
2025-04-20 22:12:56,210 - Email sent: Keylogger Report
2025-04-20 22:13:56,222 - Collecting system information...
2025-04-20 22:13:56,225 - System information saved to system_info.txt
2025-04-20 22:13:59,541 - Email sent: System Information
2025-04-20 22:13:59,541 - Taking screenshot...
2025-04-20 22:13:59,995 - Screenshot saved as screenshot.png
2025-04-20 22:14:04,950 - Email sent: Screenshot
2025-04-20 22:14:04,952 - Recording audio...
2025-04-20 22:14:15,708 - Audio recorded and saved as audio.wav
2025-04-20 22:14:22,712 - Email sent: Audio Recording
2025-04-20 22:14:22,713 - Capturing from camera...
2025-04-20 22:14:24,157 - Camera capture saved as camera_capture.jpg
2025-04-20 22:14:28,244 - Email sent: Camera Capture
2025-04-20 22:14:31,639 - Email sent: Keylogger Report
2025-04-20 22:15:31,642 - Collecting system information...
2025-04-20 22:15:31,645 - System information saved to system_info.txt
2025-04-20 22:15:35,594 - Email sent: System Information
2025-04-20 22:15:35,595 - Taking screenshot...
2025-04-20 22:15:36,029 - Screenshot saved as screenshot.png
2025-04-20 22:15:41,692 - Email sent: Screenshot
2025-04-20 22:15:41,693 - Recording audio...
2025-04-20 22:15:52,464 - Audio recorded and saved as audio.wav
2025-04-20 22:15:59,567 - Email sent: Audio Recording
2025-04-20 22:15:59,569 - Capturing from camera...
2025-04-20 22:16:00,996 - Camera capture saved as camera_capture.jpg
2025-04-20 22:16:05,476 - Email sent: Camera Capture
2025-04-20 22:16:08,643 - Email sent: Keylogger Report
2025-04-20 22:19:21,813 - Collecting system information...
2025-04-20 22:19:21,830 - System information saved to system_info.txt
2025-04-20 22:19:25,201 - Email sent: System Information
2025-04-20 22:19:25,202 - Taking screenshot...
2025-04-20 22:19:25,656 - Screenshot saved as screenshot.png
2025-04-20 22:19:30,626 - Email sent: Screenshot
2025-04-20 22:19:30,627 - Recording audio...
2025-04-20 22:24:17,495 - Collecting system information...
2025-04-20 22:24:17,516 - System information saved to system_info.txt
2025-04-20 22:24:20,830 - Email sent: System Information
2025-04-20 22:24:20,830 - Taking screenshot...
2025-04-20 22:24:21,304 - Screenshot saved as screenshot.png
2025-04-20 22:24:26,335 - Email sent: Screenshot
2025-04-20 22:24:26,336 - Recording audio...
2025-04-20 22:24:36,506 - Audio recorded and saved as audio.wav
2025-04-20 22:24:43,786 - Email sent: Audio Recording
2025-04-20 22:24:43,789 - Capturing from camera...
2025-04-20 22:24:45,376 - Camera capture saved as camera_capture.jpg
2025-04-20 22:24:49,476 - Email sent: Camera Capture
2025-04-20 22:24:53,376 - Email sent: Keylogger Report
2025-04-21 22:40:48,778 - Collecting system information...
2025-04-21 22:40:48,895 - System information saved to system_info.txt
2025-04-21 22:40:52,589 - Email sent: System Information
2025-04-21 22:40:52,590 - Taking screenshot...
2025-04-21 22:40:53,606 - Screenshot saved as screenshot.png
2025-04-21 22:40:59,721 - Email sent: Screenshot
2025-04-21 22:40:59,723 - Recording audio...
2025-04-21 22:41:09,941 - Audio recorded and saved as audio.wav
2025-04-21 22:41:17,067 - Email sent: Audio Recording
2025-04-21 22:41:17,069 - Capturing from camera...
2025-04-21 22:41:20,253 - Camera capture saved as camera_capture.jpg
2025-04-21 22:41:24,139 - Email sent: Camera Capture
2025-04-21 22:41:27,405 - Email sent: Keylogger Report
2025-04-21 22:42:27,417 - Collecting system information...
2025-04-21 22:42:27,419 - System information saved to system_info.txt
2025-04-21 22:42:30,864 - Email sent: System Information
2025-04-21 22:42:30,864 - Taking screenshot...
2025-04-21 22:42:31,436 - Screenshot saved as screenshot.png
2025-04-21 22:42:36,277 - Email sent: Screenshot
2025-04-21 22:42:36,277 - Recording audio...
2025-04-21 22:42:46,439 - Audio recorded and saved as audio.wav
2025-04-21 22:42:53,499 - Email sent: Audio Recording
2025-04-21 22:42:53,500 - Capturing from camera...
2025-04-21 22:42:56,094 - Camera capture saved as camera_capture.jpg
2025-04-21 22:43:00,114 - Email sent: Camera Capture
2025-04-21 22:43:03,315 - Email sent: Keylogger Report
2025-04-21 22:44:03,324 - Collecting system information...
2025-04-21 22:44:03,328 - System information saved to system_info.txt
2025-04-21 22:44:06,737 - Email sent: System Information
2025-04-21 22:44:06,737 - Taking screenshot...
2025-04-21 22:44:07,316 - Screenshot saved as screenshot.png
2025-04-21 22:44:12,587 - Email sent: Screenshot
2025-04-21 22:44:12,588 - Recording audio...
2025-04-21 22:44:22,752 - Audio recorded and saved as audio.wav
2025-04-21 22:44:30,350 - Email sent: Audio Recording
2025-04-21 22:44:30,351 - Capturing from camera...
2025-04-21 22:44:32,905 - Camera capture saved as camera_capture.jpg
2025-04-21 22:44:36,889 - Email sent: Camera Capture
2025-04-21 22:44:40,548 - Email sent: Keylogger Report
2025-04-21 22:45:40,561 - Collecting system information...
2025-04-21 22:45:40,564 - System information saved to system_info.txt
2025-04-21 22:45:44,001 - Email sent: System Information
2025-04-21 22:45:44,001 - Taking screenshot...
2025-04-21 22:45:44,560 - Screenshot saved as screenshot.png
2025-04-21 22:45:49,761 - Email sent: Screenshot
2025-04-21 22:45:49,761 - Recording audio...
2025-04-21 22:45:59,946 - Audio recorded and saved as audio.wav
2025-04-21 22:46:07,035 - Email sent: Audio Recording
2025-04-21 22:46:07,036 - Capturing from camera...
2025-04-21 22:46:09,643 - Camera capture saved as camera_capture.jpg
2025-04-21 22:46:14,280 - Email sent: Camera Capture
2025-04-21 22:46:17,443 - Email sent: Keylogger Report
2025-04-21 22:47:17,449 - Collecting system information...
2025-04-21 22:47:17,452 - System information saved to system_info.txt
2025-04-21 22:47:20,745 - Email sent: System Information
2025-04-21 22:47:20,747 - Taking screenshot...
2025-04-21 22:47:21,312 - Screenshot saved as screenshot.png
2025-04-21 22:47:26,508 - Email sent: Screenshot
2025-04-21 22:47:26,508 - Recording audio...
2025-04-21 22:47:37,278 - Audio recorded and saved as audio.wav
2025-04-21 22:47:44,322 - Email sent: Audio Recording
2025-04-21 22:47:44,323 - Capturing from camera...
2025-04-21 22:47:48,115 - Camera capture saved as camera_capture.jpg
2025-04-21 22:47:51,996 - Email sent: Camera Capture
2025-04-21 22:47:55,094 - Email sent: Keylogger Report
2025-04-21 22:48:55,097 - Collecting system information...
2025-04-21 22:48:55,100 - System information saved to system_info.txt
2025-04-21 22:48:58,496 - Email sent: System Information
2025-04-21 22:48:58,496 - Taking screenshot...
2025-04-21 22:48:59,038 - Screenshot saved as screenshot.png
2025-04-21 22:49:04,435 - Email sent: Screenshot
2025-04-21 22:49:04,436 - Recording audio...
2025-04-21 22:49:15,255 - Audio recorded and saved as audio.wav
2025-04-21 22:49:22,419 - Email sent: Audio Recording
2025-04-21 22:49:22,420 - Capturing from camera...
2025-04-21 22:49:24,847 - Camera capture saved as camera_capture.jpg
2025-04-21 22:49:28,844 - Email sent: Camera Capture
2025-04-21 22:49:31,983 - Email sent: Keylogger Report
2025-04-21 22:50:31,993 - Collecting system information...
2025-04-21 22:50:31,995 - System information saved to system_info.txt
2025-04-21 22:50:35,282 - Email sent: System Information
2025-04-21 22:50:35,282 - Taking screenshot...
2025-04-21 22:50:35,792 - Screenshot saved as screenshot.png
2025-04-21 22:50:40,613 - Email sent: Screenshot
2025-04-21 22:50:40,614 - Recording audio...
2025-04-21 22:50:50,776 - Audio recorded and saved as audio.wav
2025-04-21 22:50:58,029 - Email sent: Audio Recording
2025-04-21 22:50:58,030 - Capturing from camera...
2025-04-21 22:51:00,708 - Camera capture saved as camera_capture.jpg
2025-04-21 22:51:04,789 - Email sent: Camera Capture
2025-04-21 22:51:07,883 - Email sent: Keylogger Report
2025-04-21 22:52:07,895 - Collecting system information...
2025-04-21 22:52:07,898 - System information saved to system_info.txt
2025-04-21 22:52:11,202 - Email sent: System Information
2025-04-21 22:52:11,203 - Taking screenshot...
2025-04-21 22:52:11,648 - Screenshot saved as screenshot.png
2025-04-21 22:52:16,488 - Email sent: Screenshot
2025-04-21 22:52:16,488 - Recording audio...
2025-04-21 22:52:26,659 - Audio recorded and saved as audio.wav
2025-04-21 22:52:34,668 - Email sent: Audio Recording
2025-04-21 22:52:34,669 - Capturing from camera...
2025-04-21 22:52:37,015 - Camera capture saved as camera_capture.jpg
2025-04-21 22:52:41,313 - Email sent: Camera Capture
2025-04-21 22:52:44,810 - Email sent: Keylogger Report
2025-04-21 22:53:44,825 - Collecting system information...
2025-04-21 22:53:44,827 - System information saved to system_info.txt
2025-04-21 22:53:48,176 - Email sent: System Information
2025-04-21 22:53:48,177 - Taking screenshot...
2025-04-21 22:53:48,660 - Screenshot saved as screenshot.png
2025-04-21 22:53:53,873 - Email sent: Screenshot
2025-04-21 22:53:53,874 - Recording audio...
2025-04-21 22:54:04,039 - Audio recorded and saved as audio.wav
2025-04-21 22:54:11,775 - Email sent: Audio Recording
2025-04-21 22:54:11,777 - Capturing from camera...
2025-04-21 22:54:14,211 - Camera capture saved as camera_capture.jpg
2025-04-21 22:54:18,435 - Email sent: Camera Capture
2025-04-21 22:54:21,757 - Email sent: Keylogger Report
2025-04-21 22:55:21,766 - Collecting system information...
2025-04-21 22:55:21,769 - System information saved to system_info.txt
2025-04-21 22:55:25,125 - Email sent: System Information
2025-04-21 22:55:25,126 - Taking screenshot...
2025-04-21 22:55:25,623 - Screenshot saved as screenshot.png
2025-04-21 22:55:30,778 - Email sent: Screenshot
2025-04-21 22:55:30,779 - Recording audio...
2025-04-21 22:55:40,942 - Audio recorded and saved as audio.wav
2025-04-21 22:55:48,030 - Email sent: Audio Recording
2025-04-21 22:55:48,030 - Capturing from camera...
2025-04-21 22:55:50,605 - Camera capture saved as camera_capture.jpg
2025-04-21 22:55:54,734 - Email sent: Camera Capture
2025-04-21 22:55:57,935 - Email sent: Keylogger Report
2025-04-21 22:56:57,941 - Collecting system information...
2025-04-21 22:56:57,943 - System information saved to system_info.txt
2025-04-21 22:57:01,295 - Email sent: System Information
2025-04-21 22:57:01,296 - Taking screenshot...
2025-04-21 22:57:01,828 - Screenshot saved as screenshot.png
2025-04-21 22:57:07,353 - Email sent: Screenshot
2025-04-21 22:57:07,354 - Recording audio...
2025-04-21 22:57:17,527 - Audio recorded and saved as audio.wav
2025-04-21 22:57:24,620 - Email sent: Audio Recording
2025-04-21 22:57:24,620 - Capturing from camera...
2025-04-21 22:57:27,256 - Camera capture saved as camera_capture.jpg
2025-04-21 22:57:31,266 - Email sent: Camera Capture
2025-04-21 22:57:34,356 - Email sent: Keylogger Report
2025-04-21 22:58:34,359 - Collecting system information...
2025-04-21 22:58:34,361 - System information saved to system_info.txt
2025-04-21 22:58:37,647 - Email sent: System Information
2025-04-21 22:58:37,648 - Taking screenshot...
2025-04-21 22:58:38,131 - Screenshot saved as screenshot.png
2025-04-21 22:58:43,288 - Email sent: Screenshot
2025-04-21 22:58:43,289 - Recording audio...
2025-04-21 22:58:53,446 - Audio recorded and saved as audio.wav
2025-04-21 22:59:00,774 - Email sent: Audio Recording
2025-04-21 22:59:00,774 - Capturing from camera...
2025-04-21 22:59:03,642 - Camera capture saved as camera_capture.jpg
2025-04-24 20:21:37,181 - Collecting system information...
2025-04-24 20:21:37,213 - System information saved to system_info.txt
2025-04-24 20:21:40,863 - Email sent: System Information
2025-04-24 20:21:40,863 - Taking screenshot...
2025-04-24 20:21:41,309 - Screenshot saved as screenshot.png
2025-04-24 20:21:46,317 - Email sent: Screenshot
2025-04-24 20:21:46,317 - Recording audio...
2025-04-24 20:21:56,510 - Audio recorded and saved as audio.wav
2025-04-24 20:22:04,812 - Email sent: Audio Recording
2025-04-24 20:22:04,812 - Capturing from camera...
2025-04-24 20:22:07,283 - Camera capture saved as camera_capture.jpg
2025-04-24 20:22:11,678 - Email sent: Camera Capture
2025-04-24 20:22:14,942 - Email sent: Keylogger Report
2025-04-24 20:23:14,958 - Collecting system information...
2025-04-24 20:23:14,958 - System information saved to system_info.txt
2025-04-24 20:23:18,288 - Email sent: System Information
2025-04-24 20:23:18,288 - Taking screenshot...
2025-04-24 20:23:18,780 - Screenshot saved as screenshot.png
2025-04-24 20:23:24,322 - Email sent: Screenshot
2025-04-24 20:23:24,322 - Recording audio...
2025-04-24 20:23:35,094 - Audio recorded and saved as audio.wav
2025-04-24 20:23:42,451 - Email sent: Audio Recording
2025-04-24 20:23:42,452 - Capturing from camera...
2025-04-24 20:23:45,537 - Camera capture saved as camera_capture.jpg
2025-04-24 20:23:49,655 - Email sent: Camera Capture
2025-04-24 20:23:52,733 - Email sent: Keylogger Report
2025-04-24 20:24:52,740 - Collecting system information...
2025-04-24 20:24:52,740 - System information saved to system_info.txt
2025-04-24 20:24:55,972 - Email sent: System Information
2025-04-24 20:24:55,972 - Taking screenshot...
2025-04-24 20:24:56,438 - Screenshot saved as screenshot.png
2025-04-24 20:25:02,053 - Email sent: Screenshot
2025-04-24 20:25:02,058 - Recording audio...
2025-04-24 20:25:12,811 - Audio recorded and saved as audio.wav
2025-04-24 20:25:22,169 - Email sent: Audio Recording
2025-04-24 20:25:22,170 - Capturing from camera...
2025-04-24 20:25:25,284 - Camera capture saved as camera_capture.jpg
2025-04-24 20:25:29,421 - Email sent: Camera Capture
2025-04-24 20:25:32,571 - Email sent: Keylogger Report
2025-04-27 18:20:19,229 - Collecting system information...
2025-04-27 18:20:19,248 - System information saved to system_info.txt
2025-04-27 18:20:23,179 - Email sent: System Information
2025-04-27 18:20:23,179 - Taking screenshot...
2025-04-27 18:20:23,746 - Screenshot saved as screenshot.png
2025-04-27 18:20:30,233 - Email sent: Screenshot
2025-04-27 18:20:30,233 - Recording audio...
2025-04-27 18:20:40,558 - Audio recorded and saved as audio.wav
2025-04-27 18:20:47,961 - Email sent: Audio Recording
2025-04-27 18:20:47,961 - Capturing from camera...
2025-04-27 18:20:49,791 - Camera capture saved as camera_capture.jpg
2025-04-27 18:20:53,811 - Email sent: Camera Capture
2025-04-27 18:20:56,935 - Email sent: Keylogger Report
2025-04-27 18:21:56,939 - Collecting system information...
2025-04-27 18:21:56,940 - System information saved to system_info.txt
2025-04-27 18:22:00,329 - Email sent: System Information
2025-04-27 18:22:00,329 - Taking screenshot...
2025-04-27 18:22:00,778 - Screenshot saved as screenshot.png
2025-04-27 18:22:06,049 - Email sent: Screenshot
2025-04-27 18:22:06,049 - Recording audio...
2025-04-27 18:22:10,605 - Collecting system information...
2025-04-27 18:22:10,625 - System information saved to system_info.txt
2025-04-27 18:22:14,015 - Email sent: System Information
2025-04-27 18:22:14,015 - Taking screenshot...
2025-04-27 18:22:14,485 - Screenshot saved as screenshot.png
2025-04-27 18:22:16,292 - Audio recorded and saved as audio.wav
2025-04-27 18:22:19,479 - Email sent: Screenshot
2025-04-27 18:22:19,479 - Recording audio...
2025-04-27 18:22:23,523 - Email sent: Audio Recording
2025-04-27 18:22:23,523 - Capturing from camera...
2025-04-27 18:22:25,009 - Camera capture saved as camera_capture.jpg
2025-04-27 18:22:29,044 - Email sent: Camera Capture
2025-04-27 18:22:29,677 - Audio recorded and saved as audio.wav
2025-04-27 18:22:32,126 - Email sent: Keylogger Report
2025-04-27 18:22:36,769 - Email sent: Audio Recording
2025-04-27 18:22:36,769 - Capturing from camera...
2025-04-27 18:22:38,277 - Camera capture saved as camera_capture.jpg
2025-04-27 18:22:42,469 - Email sent: Camera Capture
2025-04-27 18:22:45,599 - Email sent: Keylogger Report
2025-04-27 18:23:32,144 - Collecting system information...
2025-04-27 18:23:32,146 - System information saved to system_info.txt
2025-04-27 18:23:35,655 - Email sent: System Information
2025-04-27 18:23:35,655 - Taking screenshot...
2025-04-27 18:23:36,073 - Screenshot saved as screenshot.png
2025-04-27 18:23:40,445 - Email sent: Screenshot
2025-04-27 18:23:40,445 - Recording audio...
2025-04-27 18:23:45,600 - Collecting system information...
2025-04-27 18:23:45,601 - System information saved to system_info.txt
2025-04-27 18:23:48,903 - Email sent: System Information
2025-04-27 18:23:48,903 - Taking screenshot...
2025-04-27 18:23:49,328 - Screenshot saved as screenshot.png
2025-04-27 18:23:50,691 - Audio recorded and saved as audio.wav
2025-04-27 18:23:53,864 - Email sent: Screenshot
2025-04-27 18:23:53,866 - Recording audio...
2025-04-27 18:23:57,765 - Email sent: Audio Recording
2025-04-27 18:23:57,766 - Capturing from camera...
2025-04-27 18:23:59,250 - Camera capture saved as camera_capture.jpg
2025-04-27 18:24:03,335 - Email sent: Camera Capture
2025-04-27 18:24:04,061 - Audio recorded and saved as audio.wav
2025-04-27 18:24:06,620 - Email sent: Keylogger Report
2025-04-27 18:24:11,176 - Email sent: Audio Recording
2025-04-27 18:24:11,176 - Capturing from camera...
2025-04-27 18:24:12,557 - Camera capture saved as camera_capture.jpg
2025-04-27 18:24:16,651 - Email sent: Camera Capture
2025-04-27 18:24:19,741 - Email sent: Keylogger Report
2025-04-27 18:25:06,634 - Collecting system information...
2025-04-27 18:25:06,634 - System information saved to system_info.txt
2025-04-27 18:25:10,031 - Email sent: System Information
2025-04-27 18:25:10,031 - Taking screenshot...
2025-04-27 18:25:10,481 - Screenshot saved as screenshot.png
2025-04-27 18:25:15,757 - Email sent: Screenshot
2025-04-27 18:25:15,757 - Recording audio...
2025-04-27 18:25:19,749 - Collecting system information...
2025-04-27 18:25:19,749 - System information saved to system_info.txt
2025-05-13 12:46:26,001 - Collecting system information...
2025-05-13 12:46:26,096 - System information saved to system_info.txt
2025-05-13 12:46:38,146 - Failed to send email: [Errno 11001] getaddrinfo failed
2025-05-13 12:46:38,147 - Taking screenshot...
2025-05-13 12:46:38,402 - Collecting system information...
2025-05-13 12:46:38,420 - System information saved to system_info.txt
2025-05-13 12:46:38,422 - Failed to send email: [Errno 11001] getaddrinfo failed
2025-05-13 12:46:38,423 - Taking screenshot...
2025-05-13 12:46:38,861 - Screenshot saved as screenshot.png
2025-05-13 12:46:38,877 - Screenshot saved as screenshot.png
2025-05-13 12:46:38,884 - Failed to send email: [Errno 11001] getaddrinfo failed
2025-05-13 12:46:38,885 - Recording audio...
2025-05-13 12:46:38,900 - Failed to send email: [Errno 11001] getaddrinfo failed
2025-05-13 12:46:38,901 - Recording audio...
2025-05-13 12:46:43,171 - Collecting system information...
2025-05-13 12:46:43,200 - System information saved to system_info.txt
2025-05-13 12:46:43,203 - Failed to send email: [Errno 11001] getaddrinfo failed
2025-05-13 12:46:43,203 - Taking screenshot...
2025-05-13 12:46:43,643 - Screenshot saved as screenshot.png
2025-05-13 12:46:43,659 - Failed to send email: [Errno 11001] getaddrinfo failed
2025-05-13 12:46:43,660 - Recording audio...
2025-05-13 12:47:39,114 - Audio recorded and saved as audio.wav
2025-05-13 12:47:39,114 - Audio recorded and saved as audio.wav
2025-05-13 12:47:43,766 - Audio recorded and saved as audio.wav
2025-05-13 12:47:49,608 - Collecting system information...
2025-05-13 12:47:49,621 - System information saved to system_info.txt
2025-05-13 12:47:54,401 - Email sent: System Information
2025-05-13 12:47:54,401 - Taking screenshot...
2025-05-13 12:47:54,846 - Screenshot saved as screenshot.png
2025-05-13 12:48:01,055 - Email sent: Screenshot
2025-05-13 12:48:01,056 - Recording audio...
2025-05-13 12:48:12,970 - Email sent: Audio Recording
2025-05-13 12:48:12,972 - Capturing from camera...
2025-05-13 12:48:13,413 - Email sent: Audio Recording
2025-05-13 12:48:13,415 - Capturing from camera...
2025-05-13 12:48:14,747 - Failed to capture image from camera
2025-05-13 12:48:14,800 - Camera capture saved as camera_capture.jpg
2025-05-13 12:48:15,506 - Email sent: Audio Recording
2025-05-13 12:48:15,508 - Capturing from camera...
2025-05-13 12:48:17,016 - Camera capture saved as camera_capture.jpg
2025-05-13 12:48:18,336 - Email sent: Keylogger Report
2025-05-13 12:48:20,221 - Email sent: Camera Capture
2025-05-13 12:48:21,833 - Email sent: Camera Capture
2025-05-13 12:48:24,260 - Email sent: Keylogger Report
2025-05-13 12:48:25,558 - Email sent: Keylogger Report
2025-05-13 12:49:01,764 - Audio recorded and saved as audio.wav
2025-05-13 12:49:18,345 - Collecting system information...
2025-05-13 12:49:18,346 - System information saved to system_info.txt
2025-05-13 12:49:22,752 - Email sent: System Information
2025-05-13 12:49:22,753 - Taking screenshot...
2025-05-13 12:49:23,157 - Screenshot saved as screenshot.png
2025-05-13 12:49:24,261 - Collecting system information...
2025-05-13 12:49:24,264 - System information saved to system_info.txt
2025-05-13 12:49:25,564 - Collecting system information...
2025-05-13 12:49:25,565 - System information saved to system_info.txt
2025-05-13 12:49:29,411 - Email sent: System Information
2025-05-13 12:49:29,412 - Taking screenshot...
2025-05-13 12:49:29,789 - Screenshot saved as screenshot.png
2025-05-13 12:49:30,987 - Email sent: Audio Recording
2025-05-13 12:49:30,989 - Capturing from camera...
2025-05-13 12:49:31,013 - Email sent: Screenshot
2025-05-13 12:49:31,014 - Recording audio...
2025-05-13 12:49:32,691 - Camera capture saved as camera_capture.jpg
2025-05-13 12:49:33,279 - Email sent: System Information
2025-05-13 12:49:33,280 - Taking screenshot...
2025-05-13 12:49:33,703 - Screenshot saved as screenshot.png
2025-05-13 12:49:36,614 - Email sent: Screenshot
2025-05-13 12:49:36,614 - Recording audio...
2025-05-13 12:49:38,155 - Email sent: Camera Capture
2025-05-13 12:49:39,939 - Email sent: Screenshot
2025-05-13 12:49:39,939 - Recording audio...
2025-05-13 12:49:41,924 - Email sent: Keylogger Report
